<?xml version="1.0" encoding="UTF-8"?>
<testsuite xmlns:xsi="http://www.w3.org/2001/XMLSchema-instance" xsi:schemaLocation="https://maven.apache.org/surefire/maven-surefire-plugin/xsd/surefire-test-report.xsd" name="CucumberRunner" time="41.025" tests="10" errors="0" skipped="0" failures="0">
  <properties>
[...]
</properties>
  <testcase name="Когда Авторизуемся на сайте ВК:" classname="Сценарий: Тест функционала групп" time="0.002"/>
  <testcase name="Когда на главное странице выполнено нажатие на раздел групп" classname="Сценарий: Тест функционала групп" time="0"/>
  <testcase name="Когда Создание группы с параметрами:" classname="Сценарий: Тест функционала групп" time="0"/>
  <testcase name="Когда Альбомная составляющая" classname="Сценарий: Тест функционала групп" time="0"/>
  <testcase name="Когда Добавляем описание альбома:" classname="Сценарий: Тест функционала групп" time="0"/>
  <testcase name="Когда Отправляем фото:" classname="Сценарий: Тест функционала групп" time="0"/>
  <testcase name="Тогда Проверяем наличие 3-х фото в альбоме" classname="Сценарий: Тест функционала групп" time="0"/>
  <testcase name="Когда Раздел подписчиков и получение всех" classname="Сценарий: Тест функционала групп" time="0"/>
  <testcase name="Когда Запись в файл:" classname="Сценарий: Тест функционала групп" time="0"/>
  <testcase name="Сценарий: Тест функционала групп" classname="Сценарий: Тест функционала групп" time="1.832"/>
</testsuite>